MIF/HEX Update report for GECKO
Fri Jun 03 08:37:19 2022
Quartus Prime Version 16.0.0 Build 211 04/27/2016 SJ Lite Edition


---------------------
; Table of Contents ;
---------------------
  1. Legal Notice
  2. MIF/HEX Update Summary
  3. MIF/HEX Update Processed Files
  4. MIF/HEX Update Messages



----------------
; Legal Notice ;
----------------
Copyright (C) 1991-2016 Altera Corporation. All rights reserved.
Your use of Altera Corporation's design tools, logic functions 
and other software and tools, and its AMPP partner logic 
functions, and any output files from any of the foregoing 
(including device programming or simulation files), and any 
associated documentation or information are expressly subject 
to the terms and conditions of the Altera Program License 
Subscription Agreement, the Altera Quartus Prime License Agreement,
the Altera MegaCore Function License Agreement, or other 
applicable license agreement, including, without limitation, 
that your use is for the sole purpose of programming logic 
devices manufactured by Altera and sold by Altera or its 
authorized distributors.  Please refer to the applicable 
agreement for further details.



+-----------------------------------------------------------+
; MIF/HEX Update Summary                                    ;
+-----------------------+-----------------------------------+
; MIF/HEX Update Status ; Failed - Fri Jun 03 08:37:19 2022 ;
; Revision Name         ; GECKO                             ;
; Top-level Entity Name ; GECKO                             ;
; Family                ; Cyclone IV E                      ;
; Device                ; EP4CE30F23C8                      ;
+-----------------------+-----------------------------------+


+--------------------------------+
; MIF/HEX Update Processed Files ;
+--------------------------------+
; File Name                      ;
+--------------------------------+


+-------------------------+
; MIF/HEX Update Messages ;
+-------------------------+
Info: *******************************************************************
Info: Running Quartus Prime MIF/HEX Update
    Info: Version 16.0.0 Build 211 04/27/2016 SJ Lite Edition
    Info: Processing started: Fri Jun 03 08:37:18 2022
Info: Command: quartus_cdb GECKO -c GECKO --update_mif
Error (39022): Found no valid Memory Initialization File to process
Error: Quartus Prime MIF/HEX Update was unsuccessful. 1 error, 0 warnings
    Error: Peak virtual memory: 4921 megabytes
    Error: Processing ended: Fri Jun 03 08:37:19 2022
    Error: Elapsed time: 00:00:01
    Error: Total CPU time (on all processors): 00:00:01


